<?xml version="1.0" encoding="UTF-8"?>
<!-- Generated by org.testng.reporters.JUnitReportReporter -->
<testsuite hostname="NVGP_9722" failures="0" tests="2" name="com.Ecommerce.instaSnap.ProductTest.VerifyElectronicProduct" time="0.034" errors="0" timestamp="2024-11-06T17:00:13 IST" skipped="1">
  <testcase classname="com.Ecommerce.instaSnap.ProductTest.VerifyElectronicProduct" name="createproduct" time="0.034"/>
  <system-out>
    <![CDATA[Electronic Product Created]]>
  </system-out>
  <testcase classname="com.Ecommerce.instaSnap.ProductTest.VerifyElectronicProduct" name="createupdate">
    <skipped/>
  </testcase> <!-- createupdate -->
  <system-out/>
</testsuite> <!-- com.Ecommerce.instaSnap.ProductTest.VerifyElectronicProduct -->
