<?xml version="1.0" encoding="UTF-8"?>
<!-- Generated by org.testng.reporters.JUnitReportReporter -->
<testsuite hostname="NVGP_9722" failures="0" tests="1" name="Demo.DemoTest" time="18.688" errors="0" timestamp="2024-11-05T16:57:15 IST" skipped="0">
  <testcase classname="Demo.DemoTest" name="verify" time="18.688"/>
  <system-out/>
</testsuite> <!-- Demo.DemoTest -->
